2023-10-25 12:21:55,485 [Worker-5: Loading available Gradle versions] INFO  o.e.b.c.i.u.g.PublishedGradleVersions - Gradle version information cache is not available. Remote download required.
2023-10-25 15:38:39,101 [ModalContext] INFO  o.e.m.c.i.e.AbstractTransferListenerAdapter - Downloading https://repo.maven.apache.org/maven2/org/apache/maven/archetypes/maven-archetype-quickstart/1.4/maven-archetype-quickstart-1.4.pom
2023-10-25 15:38:39,222 [ModalContext] INFO  o.e.m.c.i.e.AbstractTransferListenerAdapter - Downloaded https://repo.maven.apache.org/maven2/org/apache/maven/archetypes/maven-archetype-quickstart/1.4/maven-archetype-quickstart-1.4.pom
2023-10-25 15:38:39,318 [ModalContext] INFO  o.e.m.c.i.e.AbstractTransferListenerAdapter - Downloading https://repo.maven.apache.org/maven2/org/apache/maven/archetypes/maven-archetype-bundles/1.4/maven-archetype-bundles-1.4.pom
2023-10-25 15:38:39,380 [ModalContext] INFO  o.e.m.c.i.e.AbstractTransferListenerAdapter - Downloaded https://repo.maven.apache.org/maven2/org/apache/maven/archetypes/maven-archetype-bundles/1.4/maven-archetype-bundles-1.4.pom
2023-10-25 15:38:39,503 [ModalContext] INFO  o.e.m.c.i.e.AbstractTransferListenerAdapter - Downloading https://repo.maven.apache.org/maven2/org/apache/maven/archetypes/maven-archetype-quickstart/1.4/maven-archetype-quickstart-1.4.jar
2023-10-25 15:38:39,567 [ModalContext] INFO  o.e.m.c.i.e.AbstractTransferListenerAdapter - Downloaded https://repo.maven.apache.org/maven2/org/apache/maven/archetypes/maven-archetype-quickstart/1.4/maven-archetype-quickstart-1.4.jar
2023-10-25 15:39:43,930 [Worker-70: Launching mavenrun-7452e12b-5d95-4a79-8405-48160af703cf] INFO  o.eclipse.m2e.core.internal.Bundles - getClasspathEntries(Bundle=org.eclipse.m2e.maven.runtime_3.9.400.20230826-0755 [291])
2023-10-25 15:39:43,938 [Worker-70: Launching mavenrun-7452e12b-5d95-4a79-8405-48160af703cf] INFO  o.eclipse.m2e.core.internal.Bundles - 	Entry: /Users/gaurav.kumar/.p2/pool/plugins/org.eclipse.m2e.maven.runtime_3.9.400.20230826-0755
2023-10-25 15:39:43,942 [Worker-70: Launching mavenrun-7452e12b-5d95-4a79-8405-48160af703cf] INFO  o.eclipse.m2e.core.internal.Bundles - 	Entry: /Users/gaurav.kumar/.p2/pool/plugins/org.eclipse.m2e.maven.runtime_3.9.400.20230826-0755/jars/aether-connector-okhttp-0.17.8.jar
2023-10-25 15:39:43,942 [Worker-70: Launching mavenrun-7452e12b-5d95-4a79-8405-48160af703cf] INFO  o.eclipse.m2e.core.internal.Bundles - 	Entry: /Users/gaurav.kumar/.p2/pool/plugins/org.eclipse.m2e.maven.runtime_3.9.400.20230826-0755/jars/aopalliance-1.0.jar
2023-10-25 15:39:43,943 [Worker-70: Launching mavenrun-7452e12b-5d95-4a79-8405-48160af703cf] INFO  o.eclipse.m2e.core.internal.Bundles - 	Entry: /Users/gaurav.kumar/.p2/pool/plugins/org.eclipse.m2e.maven.runtime_3.9.400.20230826-0755/jars/commons-lang3-3.12.0.jar
2023-10-25 15:39:43,943 [Worker-70: Launching mavenrun-7452e12b-5d95-4a79-8405-48160af703cf] INFO  o.eclipse.m2e.core.internal.Bundles - 	Entry: /Users/gaurav.kumar/.p2/pool/plugins/org.eclipse.m2e.maven.runtime_3.9.400.20230826-0755/jars/guice-5.1.0.jar
2023-10-25 15:39:43,943 [Worker-70: Launching mavenrun-7452e12b-5d95-4a79-8405-48160af703cf] INFO  o.eclipse.m2e.core.internal.Bundles - 	Entry: /Users/gaurav.kumar/.p2/pool/plugins/org.eclipse.m2e.maven.runtime_3.9.400.20230826-0755/jars/jansi-2.4.0.jar
2023-10-25 15:39:43,943 [Worker-70: Launching mavenrun-7452e12b-5d95-4a79-8405-48160af703cf] INFO  o.eclipse.m2e.core.internal.Bundles - 	Entry: /Users/gaurav.kumar/.p2/pool/plugins/org.eclipse.m2e.maven.runtime_3.9.400.20230826-0755/jars/maven-artifact-3.9.4.jar
2023-10-25 15:39:43,943 [Worker-70: Launching mavenrun-7452e12b-5d95-4a79-8405-48160af703cf] INFO  o.eclipse.m2e.core.internal.Bundles - 	Entry: /Users/gaurav.kumar/.p2/pool/plugins/org.eclipse.m2e.maven.runtime_3.9.400.20230826-0755/jars/maven-builder-support-3.9.4.jar
2023-10-25 15:39:43,943 [Worker-70: Launching mavenrun-7452e12b-5d95-4a79-8405-48160af703cf] INFO  o.eclipse.m2e.core.internal.Bundles - 	Entry: /Users/gaurav.kumar/.p2/pool/plugins/org.eclipse.m2e.maven.runtime_3.9.400.20230826-0755/jars/maven-compat-3.9.4.jar
2023-10-25 15:39:43,943 [Worker-70: Launching mavenrun-7452e12b-5d95-4a79-8405-48160af703cf] INFO  o.eclipse.m2e.core.internal.Bundles - 	Entry: /Users/gaurav.kumar/.p2/pool/plugins/org.eclipse.m2e.maven.runtime_3.9.400.20230826-0755/jars/maven-core-3.9.4.jar
2023-10-25 15:39:43,943 [Worker-70: Launching mavenrun-7452e12b-5d95-4a79-8405-48160af703cf] INFO  o.eclipse.m2e.core.internal.Bundles - 	Entry: /Users/gaurav.kumar/.p2/pool/plugins/org.eclipse.m2e.maven.runtime_3.9.400.20230826-0755/jars/maven-embedder-3.9.4.jar
2023-10-25 15:39:43,943 [Worker-70: Launching mavenrun-7452e12b-5d95-4a79-8405-48160af703cf] INFO  o.eclipse.m2e.core.internal.Bundles - 	Entry: /Users/gaurav.kumar/.p2/pool/plugins/org.eclipse.m2e.maven.runtime_3.9.400.20230826-0755/jars/maven-model-3.9.4.jar
2023-10-25 15:39:43,943 [Worker-70: Launching mavenrun-7452e12b-5d95-4a79-8405-48160af703cf] INFO  o.eclipse.m2e.core.internal.Bundles - 	Entry: /Users/gaurav.kumar/.p2/pool/plugins/org.eclipse.m2e.maven.runtime_3.9.400.20230826-0755/jars/maven-model-builder-3.9.4.jar
2023-10-25 15:39:43,943 [Worker-70: Launching mavenrun-7452e12b-5d95-4a79-8405-48160af703cf] INFO  o.eclipse.m2e.core.internal.Bundles - 	Entry: /Users/gaurav.kumar/.p2/pool/plugins/org.eclipse.m2e.maven.runtime_3.9.400.20230826-0755/jars/maven-plugin-api-3.9.4.jar
2023-10-25 15:39:43,943 [Worker-70: Launching mavenrun-7452e12b-5d95-4a79-8405-48160af703cf] INFO  o.eclipse.m2e.core.internal.Bundles - 	Entry: /Users/gaurav.kumar/.p2/pool/plugins/org.eclipse.m2e.maven.runtime_3.9.400.20230826-0755/jars/maven-repository-metadata-3.9.4.jar
2023-10-25 15:39:43,944 [Worker-70: Launching mavenrun-7452e12b-5d95-4a79-8405-48160af703cf] INFO  o.eclipse.m2e.core.internal.Bundles - 	Entry: /Users/gaurav.kumar/.p2/pool/plugins/org.eclipse.m2e.maven.runtime_3.9.400.20230826-0755/jars/maven-resolver-api-1.9.14.jar
2023-10-25 15:39:43,944 [Worker-70: Launching mavenrun-7452e12b-5d95-4a79-8405-48160af703cf] INFO  o.eclipse.m2e.core.internal.Bundles - 	Entry: /Users/gaurav.kumar/.p2/pool/plugins/org.eclipse.m2e.maven.runtime_3.9.400.20230826-0755/jars/maven-resolver-connector-basic-1.9.14.jar
2023-10-25 15:39:43,944 [Worker-70: Launching mavenrun-7452e12b-5d95-4a79-8405-48160af703cf] INFO  o.eclipse.m2e.core.internal.Bundles - 	Entry: /Users/gaurav.kumar/.p2/pool/plugins/org.eclipse.m2e.maven.runtime_3.9.400.20230826-0755/jars/maven-resolver-impl-1.9.14.jar
2023-10-25 15:39:43,944 [Worker-70: Launching mavenrun-7452e12b-5d95-4a79-8405-48160af703cf] INFO  o.eclipse.m2e.core.internal.Bundles - 	Entry: /Users/gaurav.kumar/.p2/pool/plugins/org.eclipse.m2e.maven.runtime_3.9.400.20230826-0755/jars/maven-resolver-named-locks-1.9.14.jar
2023-10-25 15:39:43,944 [Worker-70: Launching mavenrun-7452e12b-5d95-4a79-8405-48160af703cf] INFO  o.eclipse.m2e.core.internal.Bundles - 	Entry: /Users/gaurav.kumar/.p2/pool/plugins/org.eclipse.m2e.maven.runtime_3.9.400.20230826-0755/jars/maven-resolver-provider-3.9.4.jar
2023-10-25 15:39:43,944 [Worker-70: Launching mavenrun-7452e12b-5d95-4a79-8405-48160af703cf] INFO  o.eclipse.m2e.core.internal.Bundles - 	Entry: /Users/gaurav.kumar/.p2/pool/plugins/org.eclipse.m2e.maven.runtime_3.9.400.20230826-0755/jars/maven-resolver-spi-1.9.14.jar
2023-10-25 15:39:43,944 [Worker-70: Launching mavenrun-7452e12b-5d95-4a79-8405-48160af703cf] INFO  o.eclipse.m2e.core.internal.Bundles - 	Entry: /Users/gaurav.kumar/.p2/pool/plugins/org.eclipse.m2e.maven.runtime_3.9.400.20230826-0755/jars/maven-resolver-transport-wagon-1.9.14.jar
2023-10-25 15:39:43,944 [Worker-70: Launching mavenrun-7452e12b-5d95-4a79-8405-48160af703cf] INFO  o.eclipse.m2e.core.internal.Bundles - 	Entry: /Users/gaurav.kumar/.p2/pool/plugins/org.eclipse.m2e.maven.runtime_3.9.400.20230826-0755/jars/maven-resolver-util-1.9.14.jar
2023-10-25 15:39:43,944 [Worker-70: Launching mavenrun-7452e12b-5d95-4a79-8405-48160af703cf] INFO  o.eclipse.m2e.core.internal.Bundles - 	Entry: /Users/gaurav.kumar/.p2/pool/plugins/org.eclipse.m2e.maven.runtime_3.9.400.20230826-0755/jars/maven-settings-3.9.4.jar
2023-10-25 15:39:43,945 [Worker-70: Launching mavenrun-7452e12b-5d95-4a79-8405-48160af703cf] INFO  o.eclipse.m2e.core.internal.Bundles - 	Entry: /Users/gaurav.kumar/.p2/pool/plugins/org.eclipse.m2e.maven.runtime_3.9.400.20230826-0755/jars/maven-settings-builder-3.9.4.jar
2023-10-25 15:39:43,945 [Worker-70: Launching mavenrun-7452e12b-5d95-4a79-8405-48160af703cf] INFO  o.eclipse.m2e.core.internal.Bundles - 	Entry: /Users/gaurav.kumar/.p2/pool/plugins/org.eclipse.m2e.maven.runtime_3.9.400.20230826-0755/jars/maven-shared-utils-3.3.4.jar
2023-10-25 15:39:43,945 [Worker-70: Launching mavenrun-7452e12b-5d95-4a79-8405-48160af703cf] INFO  o.eclipse.m2e.core.internal.Bundles - 	Entry: /Users/gaurav.kumar/.p2/pool/plugins/org.eclipse.m2e.maven.runtime_3.9.400.20230826-0755/jars/okhttp-3.14.1.jar
2023-10-25 15:39:43,945 [Worker-70: Launching mavenrun-7452e12b-5d95-4a79-8405-48160af703cf] INFO  o.eclipse.m2e.core.internal.Bundles - 	Entry: /Users/gaurav.kumar/.p2/pool/plugins/org.eclipse.m2e.maven.runtime_3.9.400.20230826-0755/jars/okio-1.17.3.jar
2023-10-25 15:39:43,945 [Worker-70: Launching mavenrun-7452e12b-5d95-4a79-8405-48160af703cf] INFO  o.eclipse.m2e.core.internal.Bundles - 	Entry: /Users/gaurav.kumar/.p2/pool/plugins/org.eclipse.m2e.maven.runtime_3.9.400.20230826-0755/jars/org.eclipse.sisu.inject-0.3.5.jar
2023-10-25 15:39:43,945 [Worker-70: Launching mavenrun-7452e12b-5d95-4a79-8405-48160af703cf] INFO  o.eclipse.m2e.core.internal.Bundles - 	Entry: /Users/gaurav.kumar/.p2/pool/plugins/org.eclipse.m2e.maven.runtime_3.9.400.20230826-0755/jars/org.eclipse.sisu.plexus-0.3.5.jar
2023-10-25 15:39:43,945 [Worker-70: Launching mavenrun-7452e12b-5d95-4a79-8405-48160af703cf] INFO  o.eclipse.m2e.core.internal.Bundles - 	Entry: /Users/gaurav.kumar/.p2/pool/plugins/org.eclipse.m2e.maven.runtime_3.9.400.20230826-0755/jars/plexus-build-api-0.0.7.jar
2023-10-25 15:39:43,945 [Worker-70: Launching mavenrun-7452e12b-5d95-4a79-8405-48160af703cf] INFO  o.eclipse.m2e.core.internal.Bundles - 	Entry: /Users/gaurav.kumar/.p2/pool/plugins/org.eclipse.m2e.maven.runtime_3.9.400.20230826-0755/jars/plexus-cipher-2.0.jar
2023-10-25 15:39:43,945 [Worker-70: Launching mavenrun-7452e12b-5d95-4a79-8405-48160af703cf] INFO  o.eclipse.m2e.core.internal.Bundles - 	Entry: /Users/gaurav.kumar/.p2/pool/plugins/org.eclipse.m2e.maven.runtime_3.9.400.20230826-0755/jars/plexus-classworlds-2.7.0.jar
2023-10-25 15:39:43,945 [Worker-70: Launching mavenrun-7452e12b-5d95-4a79-8405-48160af703cf] INFO  o.eclipse.m2e.core.internal.Bundles - 	Entry: /Users/gaurav.kumar/.p2/pool/plugins/org.eclipse.m2e.maven.runtime_3.9.400.20230826-0755/jars/plexus-component-annotations-2.1.0.jar
2023-10-25 15:39:43,945 [Worker-70: Launching mavenrun-7452e12b-5d95-4a79-8405-48160af703cf] INFO  o.eclipse.m2e.core.internal.Bundles - 	Entry: /Users/gaurav.kumar/.p2/pool/plugins/org.eclipse.m2e.maven.runtime_3.9.400.20230826-0755/jars/plexus-interpolation-1.26.jar
2023-10-25 15:39:43,946 [Worker-70: Launching mavenrun-7452e12b-5d95-4a79-8405-48160af703cf] INFO  o.eclipse.m2e.core.internal.Bundles - 	Entry: /Users/gaurav.kumar/.p2/pool/plugins/org.eclipse.m2e.maven.runtime_3.9.400.20230826-0755/jars/plexus-sec-dispatcher-2.0.jar
2023-10-25 15:39:43,946 [Worker-70: Launching mavenrun-7452e12b-5d95-4a79-8405-48160af703cf] INFO  o.eclipse.m2e.core.internal.Bundles - 	Entry: /Users/gaurav.kumar/.p2/pool/plugins/org.eclipse.m2e.maven.runtime_3.9.400.20230826-0755/jars/plexus-utils-3.5.1.jar
2023-10-25 15:39:43,946 [Worker-70: Launching mavenrun-7452e12b-5d95-4a79-8405-48160af703cf] INFO  o.eclipse.m2e.core.internal.Bundles - 	Entry: /Users/gaurav.kumar/.p2/pool/plugins/org.eclipse.m2e.maven.runtime_3.9.400.20230826-0755/jars/wagon-file-3.5.3.jar
2023-10-25 15:39:43,946 [Worker-70: Launching mavenrun-7452e12b-5d95-4a79-8405-48160af703cf] INFO  o.eclipse.m2e.core.internal.Bundles - 	Entry: /Users/gaurav.kumar/.p2/pool/plugins/org.eclipse.m2e.maven.runtime_3.9.400.20230826-0755/jars/wagon-provider-api-3.5.3.jar
2023-10-25 15:39:43,949 [Worker-70: Launching mavenrun-7452e12b-5d95-4a79-8405-48160af703cf] INFO  o.eclipse.m2e.core.internal.Bundles - getClasspathEntries(Bundle=com.google.guava_32.1.2.jre [10])
2023-10-25 15:39:43,952 [Worker-70: Launching mavenrun-7452e12b-5d95-4a79-8405-48160af703cf] INFO  o.eclipse.m2e.core.internal.Bundles - 	Entry: /Users/gaurav.kumar/.p2/pool/plugins/com.google.guava_32.1.2.jre.jar
2023-10-25 15:39:43,952 [Worker-70: Launching mavenrun-7452e12b-5d95-4a79-8405-48160af703cf] INFO  o.eclipse.m2e.core.internal.Bundles - getClasspathEntries(Bundle=slf4j.api_2.0.9 [511])
2023-10-25 15:39:43,952 [Worker-70: Launching mavenrun-7452e12b-5d95-4a79-8405-48160af703cf] INFO  o.eclipse.m2e.core.internal.Bundles - 	Entry: /Users/gaurav.kumar/.p2/pool/plugins/slf4j.api_2.0.9.jar
2023-10-25 15:39:43,952 [Worker-70: Launching mavenrun-7452e12b-5d95-4a79-8405-48160af703cf] INFO  o.eclipse.m2e.core.internal.Bundles - getClasspathEntries(Bundle=javax.inject_1.0.0.v20220405-0441 [26])
2023-10-25 15:39:43,953 [Worker-70: Launching mavenrun-7452e12b-5d95-4a79-8405-48160af703cf] INFO  o.eclipse.m2e.core.internal.Bundles - 	Entry: /Users/gaurav.kumar/.p2/pool/plugins/javax.inject_1.0.0.v20220405-0441.jar
2023-10-25 15:39:43,953 [Worker-70: Launching mavenrun-7452e12b-5d95-4a79-8405-48160af703cf] INFO  o.eclipse.m2e.core.internal.Bundles - getClasspathEntries(Bundle=javax.annotation_1.3.5.v20200909-1856 [24])
2023-10-25 15:39:43,953 [Worker-70: Launching mavenrun-7452e12b-5d95-4a79-8405-48160af703cf] INFO  o.eclipse.m2e.core.internal.Bundles - 	Entry: /Users/gaurav.kumar/.p2/pool/plugins/javax.annotation_1.3.5.v20200909-1856.jar
2023-10-25 15:39:43,953 [Worker-70: Launching mavenrun-7452e12b-5d95-4a79-8405-48160af703cf] INFO  o.eclipse.m2e.core.internal.Bundles - getClasspathEntries(Bundle=org.apache.commons.cli_1.5.0 [49])
2023-10-25 15:39:43,954 [Worker-70: Launching mavenrun-7452e12b-5d95-4a79-8405-48160af703cf] INFO  o.eclipse.m2e.core.internal.Bundles - 	Entry: /Users/gaurav.kumar/.p2/pool/plugins/org.apache.commons.cli_1.5.0.jar
2023-10-25 15:39:43,954 [Worker-70: Launching mavenrun-7452e12b-5d95-4a79-8405-48160af703cf] INFO  o.eclipse.m2e.core.internal.Bundles - getClasspathEntries(Bundle=com.google.guava.failureaccess_1.0.1 [12])
2023-10-25 15:39:43,954 [Worker-70: Launching mavenrun-7452e12b-5d95-4a79-8405-48160af703cf] INFO  o.eclipse.m2e.core.internal.Bundles - 	Entry: /Users/gaurav.kumar/.p2/pool/plugins/com.google.guava.failureaccess_1.0.1.jar
2023-10-25 15:39:43,969 [Worker-70: Launching mavenrun-7452e12b-5d95-4a79-8405-48160af703cf] INFO  o.e.m.i.launch.MavenLaunchDelegate - Run build in "/var/folders/s8/58pqkgr13bs_y7c4941xx31h0000gq/T/m2e-archetypeGenerator5947408745660280971":
2023-10-25 15:39:43,982 [Worker-70: Launching mavenrun-7452e12b-5d95-4a79-8405-48160af703cf] INFO  o.e.m.i.launch.MavenLaunchDelegate -  mvn  -DarchetypeGroupId=org.apache.maven.archetypes -DarchetypeArtifactId=maven-archetype-quickstart -DarchetypeVersion=1.4 -DgroupId=com.springcore -DartifactId=springcore -Dversion=0.0.1-SNAPSHOT -Dpackage=com.springcore -DoutputDirectory=/Users/gaurav.kumar/eclipse-workspace -Dstyle.color=always -U archetype:generate
2023-10-25 15:40:10,741 [Worker-5: Creating maven-archetype-quickstart] INFO  o.e.m.c.i.p.ProjectConfigurationManager - Collecting project info '/pom.xml' /Users/gaurav.kumar/eclipse-workspace/springcore/pom.xml
2023-10-25 15:40:11,442 [Worker-5: Creating maven-archetype-quickstart] INFO  o.e.m.c.i.e.AbstractTransferListenerAdapter - Downloading https://repo.maven.apache.org/maven2/org/apache/maven/plugins/maven-clean-plugin/3.1.0/maven-clean-plugin-3.1.0.jar
2023-10-25 15:40:11,529 [Worker-5: Creating maven-archetype-quickstart] INFO  o.e.m.c.i.e.AbstractTransferListenerAdapter - Downloaded https://repo.maven.apache.org/maven2/org/apache/maven/plugins/maven-clean-plugin/3.1.0/maven-clean-plugin-3.1.0.jar
2023-10-25 15:40:11,608 [Worker-5: Creating maven-archetype-quickstart] INFO  o.e.m.c.i.e.AbstractTransferListenerAdapter - Downloading https://repo.maven.apache.org/maven2/org/apache/maven/plugins/maven-resources-plugin/3.0.2/maven-resources-plugin-3.0.2.jar
2023-10-25 15:40:11,669 [Worker-5: Creating maven-archetype-quickstart] INFO  o.e.m.c.i.e.AbstractTransferListenerAdapter - Downloaded https://repo.maven.apache.org/maven2/org/apache/maven/plugins/maven-resources-plugin/3.0.2/maven-resources-plugin-3.0.2.jar
2023-10-25 15:40:11,723 [Worker-5: Creating maven-archetype-quickstart] INFO  o.e.m.c.i.e.AbstractTransferListenerAdapter - Downloading https://repo.maven.apache.org/maven2/org/apache/maven/plugins/maven-surefire-plugin/2.22.1/maven-surefire-plugin-2.22.1.jar
2023-10-25 15:40:11,781 [Worker-5: Creating maven-archetype-quickstart] INFO  o.e.m.c.i.e.AbstractTransferListenerAdapter - Downloaded https://repo.maven.apache.org/maven2/org/apache/maven/plugins/maven-surefire-plugin/2.22.1/maven-surefire-plugin-2.22.1.jar
2023-10-25 15:40:11,830 [Worker-5: Creating maven-archetype-quickstart] INFO  o.e.m.c.i.e.AbstractTransferListenerAdapter - Downloading https://repo.maven.apache.org/maven2/org/apache/maven/plugins/maven-jar-plugin/3.0.2/maven-jar-plugin-3.0.2.jar
2023-10-25 15:40:11,893 [Worker-5: Creating maven-archetype-quickstart] INFO  o.e.m.c.i.e.AbstractTransferListenerAdapter - Downloaded https://repo.maven.apache.org/maven2/org/apache/maven/plugins/maven-jar-plugin/3.0.2/maven-jar-plugin-3.0.2.jar
2023-10-25 15:40:11,952 [Worker-5: Creating maven-archetype-quickstart] INFO  o.e.m.c.i.e.AbstractTransferListenerAdapter - Downloading https://repo.maven.apache.org/maven2/org/apache/maven/plugins/maven-install-plugin/2.5.2/maven-install-plugin-2.5.2.jar
2023-10-25 15:40:12,010 [Worker-5: Creating maven-archetype-quickstart] INFO  o.e.m.c.i.e.AbstractTransferListenerAdapter - Downloaded https://repo.maven.apache.org/maven2/org/apache/maven/plugins/maven-install-plugin/2.5.2/maven-install-plugin-2.5.2.jar
2023-10-25 15:40:12,057 [Worker-5: Creating maven-archetype-quickstart] INFO  o.e.m.c.i.e.AbstractTransferListenerAdapter - Downloading https://repo.maven.apache.org/maven2/org/apache/maven/plugins/maven-deploy-plugin/2.8.2/maven-deploy-plugin-2.8.2.jar
2023-10-25 15:40:12,112 [Worker-5: Creating maven-archetype-quickstart] INFO  o.e.m.c.i.e.AbstractTransferListenerAdapter - Downloaded https://repo.maven.apache.org/maven2/org/apache/maven/plugins/maven-deploy-plugin/2.8.2/maven-deploy-plugin-2.8.2.jar
2023-10-25 15:40:12,160 [Worker-5: Creating maven-archetype-quickstart] INFO  o.e.m.c.i.e.AbstractTransferListenerAdapter - Downloading https://repo.maven.apache.org/maven2/org/apache/maven/plugins/maven-site-plugin/3.7.1/maven-site-plugin-3.7.1.jar
2023-10-25 15:40:12,257 [Worker-5: Creating maven-archetype-quickstart] INFO  o.e.m.c.i.e.AbstractTransferListenerAdapter - Downloaded https://repo.maven.apache.org/maven2/org/apache/maven/plugins/maven-site-plugin/3.7.1/maven-site-plugin-3.7.1.jar
2023-10-25 15:40:13,324 [Worker-5: Creating maven-archetype-quickstart] INFO  o.e.m.c.i.l.LifecycleMappingFactory - Using org.eclipse.m2e.jdt.JarLifecycleMapping lifecycle mapping for MavenProject: com.springcore:springcore:0.0.1-SNAPSHOT @ /Users/gaurav.kumar/eclipse-workspace/springcore/pom.xml.
2023-10-25 15:40:13,578 [Worker-5: Creating maven-archetype-quickstart] INFO  o.e.m.c.i.e.AbstractTransferListenerAdapter - Downloading https://repo.maven.apache.org/maven2/junit/junit/4.11/junit-4.11.pom
2023-10-25 15:40:13,688 [Worker-5: Creating maven-archetype-quickstart] INFO  o.e.m.c.i.e.AbstractTransferListenerAdapter - Downloaded https://repo.maven.apache.org/maven2/junit/junit/4.11/junit-4.11.pom
2023-10-25 15:40:13,781 [Worker-5: Creating maven-archetype-quickstart] INFO  o.e.m.c.i.e.AbstractTransferListenerAdapter - Downloading https://repo.maven.apache.org/maven2/junit/junit/4.11/junit-4.11.jar
2023-10-25 15:40:13,971 [Worker-5: Creating maven-archetype-quickstart] INFO  o.e.m.c.i.e.AbstractTransferListenerAdapter - Downloaded https://repo.maven.apache.org/maven2/junit/junit/4.11/junit-4.11.jar
2023-10-25 15:40:14,036 [Worker-5: Creating maven-archetype-quickstart] INFO  o.e.m.c.i.e.AbstractTransferListenerAdapter - Downloading https://repo.maven.apache.org/maven2/org/apache/maven/plugins/maven-resources-plugin/3.0.2/maven-resources-plugin-3.0.2.pom
2023-10-25 15:40:14,095 [Worker-5: Creating maven-archetype-quickstart] INFO  o.e.m.c.i.e.AbstractTransferListenerAdapter - Downloaded https://repo.maven.apache.org/maven2/org/apache/maven/plugins/maven-resources-plugin/3.0.2/maven-resources-plugin-3.0.2.pom
2023-10-25 15:40:14,154 [Worker-5: Creating maven-archetype-quickstart] INFO  o.e.m.c.i.e.AbstractTransferListenerAdapter - Downloading https://repo.maven.apache.org/maven2/org/apache/maven/plugins/maven-plugins/30/maven-plugins-30.pom
2023-10-25 15:40:14,204 [Worker-5: Creating maven-archetype-quickstart] INFO  o.e.m.c.i.e.AbstractTransferListenerAdapter - Downloaded https://repo.maven.apache.org/maven2/org/apache/maven/plugins/maven-plugins/30/maven-plugins-30.pom
2023-10-25 15:40:14,294 [Worker-5: Creating maven-archetype-quickstart] INFO  o.e.m.c.i.e.AbstractTransferListenerAdapter - Downloading https://repo.maven.apache.org/maven2/org/apache/maven/plugins/maven-surefire-plugin/2.22.1/maven-surefire-plugin-2.22.1.pom
2023-10-25 15:40:14,339 [Worker-5: Creating maven-archetype-quickstart] INFO  o.e.m.c.i.e.AbstractTransferListenerAdapter - Downloaded https://repo.maven.apache.org/maven2/org/apache/maven/plugins/maven-surefire-plugin/2.22.1/maven-surefire-plugin-2.22.1.pom
2023-10-25 15:40:14,388 [Worker-5: Creating maven-archetype-quickstart] INFO  o.e.m.c.i.e.AbstractTransferListenerAdapter - Downloading https://repo.maven.apache.org/maven2/org/apache/maven/surefire/surefire/2.22.1/surefire-2.22.1.pom
2023-10-25 15:40:14,441 [Worker-5: Creating maven-archetype-quickstart] INFO  o.e.m.c.i.e.AbstractTransferListenerAdapter - Downloaded https://repo.maven.apache.org/maven2/org/apache/maven/surefire/surefire/2.22.1/surefire-2.22.1.pom
2023-10-25 15:40:14,517 [Worker-5: Creating maven-archetype-quickstart] INFO  o.e.m.c.i.e.AbstractTransferListenerAdapter - Downloading https://repo.maven.apache.org/maven2/org/apache/maven/plugins/maven-jar-plugin/3.0.2/maven-jar-plugin-3.0.2.pom
2023-10-25 15:40:14,566 [Worker-5: Creating maven-archetype-quickstart] INFO  o.e.m.c.i.e.AbstractTransferListenerAdapter - Downloaded https://repo.maven.apache.org/maven2/org/apache/maven/plugins/maven-jar-plugin/3.0.2/maven-jar-plugin-3.0.2.pom
2023-10-25 15:40:14,643 [Worker-5: Creating maven-archetype-quickstart] INFO  o.e.m.c.i.e.AbstractTransferListenerAdapter - Downloading https://repo.maven.apache.org/maven2/org/codehaus/plexus/plexus-component-annotations/1.6/plexus-component-annotations-1.6.pom
2023-10-25 15:40:14,701 [Worker-5: Creating maven-archetype-quickstart] INFO  o.e.m.c.i.e.AbstractTransferListenerAdapter - Downloaded https://repo.maven.apache.org/maven2/org/codehaus/plexus/plexus-component-annotations/1.6/plexus-component-annotations-1.6.pom
2023-10-25 15:40:14,752 [Worker-5: Creating maven-archetype-quickstart] INFO  o.e.m.c.i.e.AbstractTransferListenerAdapter - Downloading https://repo.maven.apache.org/maven2/org/codehaus/plexus/plexus-containers/1.6/plexus-containers-1.6.pom
2023-10-25 15:40:14,798 [Worker-5: Creating maven-archetype-quickstart] INFO  o.e.m.c.i.e.AbstractTransferListenerAdapter - Downloaded https://repo.maven.apache.org/maven2/org/codehaus/plexus/plexus-containers/1.6/plexus-containers-1.6.pom
2023-10-25 15:40:14,846 [Worker-5: Creating maven-archetype-quickstart] INFO  o.e.m.c.i.e.AbstractTransferListenerAdapter - Downloading https://repo.maven.apache.org/maven2/org/codehaus/plexus/plexus/3.3.2/plexus-3.3.2.pom
2023-10-25 15:40:14,890 [Worker-5: Creating maven-archetype-quickstart] INFO  o.e.m.c.i.e.AbstractTransferListenerAdapter - Downloaded https://repo.maven.apache.org/maven2/org/codehaus/plexus/plexus/3.3.2/plexus-3.3.2.pom
2023-10-25 15:40:14,966 [Worker-5: Creating maven-archetype-quickstart] INFO  o.e.m.c.i.e.AbstractTransferListenerAdapter - Downloading https://repo.maven.apache.org/maven2/org/apache/maven/maven-archiver/3.1.1/maven-archiver-3.1.1.pom
2023-10-25 15:40:15,011 [Worker-5: Creating maven-archetype-quickstart] INFO  o.e.m.c.i.e.AbstractTransferListenerAdapter - Downloaded https://repo.maven.apache.org/maven2/org/apache/maven/maven-archiver/3.1.1/maven-archiver-3.1.1.pom
2023-10-25 15:40:15,075 [Worker-5: Creating maven-archetype-quickstart] INFO  o.e.m.c.i.e.AbstractTransferListenerAdapter - Downloading https://repo.maven.apache.org/maven2/org/apache/maven/shared/maven-shared-utils/3.0.1/maven-shared-utils-3.0.1.pom
2023-10-25 15:40:15,128 [Worker-5: Creating maven-archetype-quickstart] INFO  o.e.m.c.i.e.AbstractTransferListenerAdapter - Downloaded https://repo.maven.apache.org/maven2/org/apache/maven/shared/maven-shared-utils/3.0.1/maven-shared-utils-3.0.1.pom
2023-10-25 15:40:15,210 [Worker-5: Creating maven-archetype-quickstart] INFO  o.e.m.c.i.e.AbstractTransferListenerAdapter - Downloading https://repo.maven.apache.org/maven2/org/codehaus/plexus/plexus-archiver/3.3/plexus-archiver-3.3.pom
2023-10-25 15:40:15,255 [Worker-5: Creating maven-archetype-quickstart] INFO  o.e.m.c.i.e.AbstractTransferListenerAdapter - Downloaded https://repo.maven.apache.org/maven2/org/codehaus/plexus/plexus-archiver/3.3/plexus-archiver-3.3.pom
2023-10-25 15:40:15,300 [Worker-5: Creating maven-archetype-quickstart] INFO  o.e.m.c.i.e.AbstractTransferListenerAdapter - Downloading https://repo.maven.apache.org/maven2/org/codehaus/plexus/plexus/3.2/plexus-3.2.pom
2023-10-25 15:40:15,347 [Worker-5: Creating maven-archetype-quickstart] INFO  o.e.m.c.i.e.AbstractTransferListenerAdapter - Downloaded https://repo.maven.apache.org/maven2/org/codehaus/plexus/plexus/3.2/plexus-3.2.pom
2023-10-25 15:40:15,410 [Worker-5: Creating maven-archetype-quickstart] INFO  o.e.m.c.i.e.AbstractTransferListenerAdapter - Downloading https://repo.maven.apache.org/maven2/org/codehaus/plexus/plexus-io/2.7.1/plexus-io-2.7.1.pom
2023-10-25 15:40:15,455 [Worker-5: Creating maven-archetype-quickstart] INFO  o.e.m.c.i.e.AbstractTransferListenerAdapter - Downloaded https://repo.maven.apache.org/maven2/org/codehaus/plexus/plexus-io/2.7.1/plexus-io-2.7.1.pom
2023-10-25 15:40:15,509 [Worker-5: Creating maven-archetype-quickstart] INFO  o.e.m.c.i.e.AbstractTransferListenerAdapter - Downloading https://repo.maven.apache.org/maven2/commons-io/commons-io/2.2/commons-io-2.2.pom
2023-10-25 15:40:15,570 [Worker-5: Creating maven-archetype-quickstart] INFO  o.e.m.c.i.e.AbstractTransferListenerAdapter - Downloaded https://repo.maven.apache.org/maven2/commons-io/commons-io/2.2/commons-io-2.2.pom
2023-10-25 15:40:15,620 [Worker-5: Creating maven-archetype-quickstart] INFO  o.e.m.c.i.e.AbstractTransferListenerAdapter - Downloading https://repo.maven.apache.org/maven2/org/apache/commons/commons-parent/24/commons-parent-24.pom
2023-10-25 15:40:15,686 [Worker-5: Creating maven-archetype-quickstart] INFO  o.e.m.c.i.e.AbstractTransferListenerAdapter - Downloaded https://repo.maven.apache.org/maven2/org/apache/commons/commons-parent/24/commons-parent-24.pom
2023-10-25 15:40:15,740 [Worker-5: Creating maven-archetype-quickstart] INFO  o.e.m.c.i.e.AbstractTransferListenerAdapter - Downloading https://repo.maven.apache.org/maven2/org/apache/commons/commons-compress/1.11/commons-compress-1.11.pom
2023-10-25 15:40:15,789 [Worker-5: Creating maven-archetype-quickstart] INFO  o.e.m.c.i.e.AbstractTransferListenerAdapter - Downloaded https://repo.maven.apache.org/maven2/org/apache/commons/commons-compress/1.11/commons-compress-1.11.pom
2023-10-25 15:40:15,844 [Worker-5: Creating maven-archetype-quickstart] INFO  o.e.m.c.i.e.AbstractTransferListenerAdapter - Downloading https://repo.maven.apache.org/maven2/org/tukaani/xz/1.5/xz-1.5.pom
2023-10-25 15:40:15,896 [Worker-5: Creating maven-archetype-quickstart] INFO  o.e.m.c.i.e.AbstractTransferListenerAdapter - Downloaded https://repo.maven.apache.org/maven2/org/tukaani/xz/1.5/xz-1.5.pom
2023-10-25 15:40:15,955 [Worker-5: Creating maven-archetype-quickstart] INFO  o.e.m.c.i.e.AbstractTransferListenerAdapter - Downloading https://repo.maven.apache.org/maven2/org/codehaus/plexus/plexus-archiver/3.4/plexus-archiver-3.4.pom
2023-10-25 15:40:16,002 [Worker-5: Creating maven-archetype-quickstart] INFO  o.e.m.c.i.e.AbstractTransferListenerAdapter - Downloaded https://repo.maven.apache.org/maven2/org/codehaus/plexus/plexus-archiver/3.4/plexus-archiver-3.4.pom
2023-10-25 15:40:16,088 [AetherRepositoryConnector-repo.maven.apache.org-0-0] INFO  o.e.m.c.i.e.AbstractTransferListenerAdapter - Downloading https://repo.maven.apache.org/maven2/org/codehaus/plexus/plexus-component-annotations/1.6/plexus-component-annotations-1.6.jar
2023-10-25 15:40:16,131 [AetherRepositoryConnector-repo.maven.apache.org-0-1] INFO  o.e.m.c.i.e.AbstractTransferListenerAdapter - Downloading https://repo.maven.apache.org/maven2/org/apache/maven/maven-archiver/3.1.1/maven-archiver-3.1.1.jar
2023-10-25 15:40:16,140 [AetherRepositoryConnector-repo.maven.apache.org-0-2] INFO  o.e.m.c.i.e.AbstractTransferListenerAdapter - Downloading https://repo.maven.apache.org/maven2/org/apache/maven/shared/maven-shared-utils/3.0.1/maven-shared-utils-3.0.1.jar
2023-10-25 15:40:16,145 [AetherRepositoryConnector-repo.maven.apache.org-0-4] INFO  o.e.m.c.i.e.AbstractTransferListenerAdapter - Downloading https://repo.maven.apache.org/maven2/org/codehaus/plexus/plexus-io/2.7.1/plexus-io-2.7.1.jar
2023-10-25 15:40:16,178 [AetherRepositoryConnector-repo.maven.apache.org-0-3] INFO  o.e.m.c.i.e.AbstractTransferListenerAdapter - Downloading https://repo.maven.apache.org/maven2/org/codehaus/plexus/plexus-archiver/3.4/plexus-archiver-3.4.jar
2023-10-25 15:40:16,196 [AetherRepositoryConnector-repo.maven.apache.org-0-2] INFO  o.e.m.c.i.e.AbstractTransferListenerAdapter - Downloaded https://repo.maven.apache.org/maven2/org/apache/maven/shared/maven-shared-utils/3.0.1/maven-shared-utils-3.0.1.jar
2023-10-25 15:40:16,196 [AetherRepositoryConnector-repo.maven.apache.org-0-0] INFO  o.e.m.c.i.e.AbstractTransferListenerAdapter - Downloaded https://repo.maven.apache.org/maven2/org/codehaus/plexus/plexus-component-annotations/1.6/plexus-component-annotations-1.6.jar
2023-10-25 15:40:16,196 [AetherRepositoryConnector-repo.maven.apache.org-0-1] INFO  o.e.m.c.i.e.AbstractTransferListenerAdapter - Downloaded https://repo.maven.apache.org/maven2/org/apache/maven/maven-archiver/3.1.1/maven-archiver-3.1.1.jar
2023-10-25 15:40:16,224 [AetherRepositoryConnector-repo.maven.apache.org-0-4] INFO  o.e.m.c.i.e.AbstractTransferListenerAdapter - Downloaded https://repo.maven.apache.org/maven2/org/codehaus/plexus/plexus-io/2.7.1/plexus-io-2.7.1.jar
2023-10-25 15:40:16,266 [AetherRepositoryConnector-repo.maven.apache.org-0-0] INFO  o.e.m.c.i.e.AbstractTransferListenerAdapter - Downloading https://repo.maven.apache.org/maven2/org/tukaani/xz/1.5/xz-1.5.jar
2023-10-25 15:40:16,269 [AetherRepositoryConnector-repo.maven.apache.org-0-2] INFO  o.e.m.c.i.e.AbstractTransferListenerAdapter - Downloading https://repo.maven.apache.org/maven2/org/apache/commons/commons-compress/1.11/commons-compress-1.11.jar
2023-10-25 15:40:16,287 [AetherRepositoryConnector-repo.maven.apache.org-0-3] INFO  o.e.m.c.i.e.AbstractTransferListenerAdapter - Downloaded https://repo.maven.apache.org/maven2/org/codehaus/plexus/plexus-archiver/3.4/plexus-archiver-3.4.jar
2023-10-25 15:40:16,330 [AetherRepositoryConnector-repo.maven.apache.org-0-0] INFO  o.e.m.c.i.e.AbstractTransferListenerAdapter - Downloaded https://repo.maven.apache.org/maven2/org/tukaani/xz/1.5/xz-1.5.jar
2023-10-25 15:40:16,419 [AetherRepositoryConnector-repo.maven.apache.org-0-2] INFO  o.e.m.c.i.e.AbstractTransferListenerAdapter - Downloaded https://repo.maven.apache.org/maven2/org/apache/commons/commons-compress/1.11/commons-compress-1.11.jar
2023-10-25 15:40:16,958 [Worker-5: Creating maven-archetype-quickstart] INFO  o.e.m.j.i.AbstractJavaProjectConfigurator - Adding source folder /springcore/src/main/java
2023-10-25 15:40:16,959 [Worker-5: Creating maven-archetype-quickstart] INFO  o.e.m.j.i.AbstractJavaProjectConfigurator - Adding resource folder /springcore/src/main/resources
2023-10-25 15:40:16,962 [Worker-5: Creating maven-archetype-quickstart] INFO  o.e.m.j.i.AbstractJavaProjectConfigurator - Adding source folder /springcore/src/test/java
2023-10-25 15:40:16,967 [Worker-5: Creating maven-archetype-quickstart] INFO  o.e.m.j.i.AbstractJavaProjectConfigurator - Adding resource folder /springcore/src/test/resources
2023-10-25 15:40:17,088 [Worker-5: Creating maven-archetype-quickstart] INFO  o.e.m.c.i.p.ProjectConfigurationManager - Imported and configured 1 project(s) in 6 sec
2023-10-25 15:40:18,022 [Worker-68: Download sources and javadoc] INFO  o.e.m.c.i.e.AbstractTransferListenerAdapter - Downloading https://repo.maven.apache.org/maven2/junit/junit/4.11/junit-4.11-sources.jar
2023-10-25 15:40:18,244 [Worker-68: Download sources and javadoc] INFO  o.e.m.c.i.e.AbstractTransferListenerAdapter - Downloaded https://repo.maven.apache.org/maven2/junit/junit/4.11/junit-4.11-sources.jar
2023-10-25 15:40:18,266 [Worker-68: Download sources and javadoc] INFO  o.e.m.j.internal.DownloadSourcesJob - Downloaded sources for junit:junit:4.11
2023-10-25 15:40:18,383 [Worker-5: Building] INFO  o.e.m.c.i.embedder.EclipseLogger - Using 'UTF-8' encoding to copy filtered resources.
2023-10-25 15:40:18,384 [Worker-5: Building] INFO  o.e.m.c.i.embedder.EclipseLogger - skip non existing resourceDirectory /Users/gaurav.kumar/eclipse-workspace/springcore/src/main/resources
2023-10-25 15:40:18,399 [Worker-5: Building] INFO  o.e.m.c.i.embedder.EclipseLogger - Using 'UTF-8' encoding to copy filtered resources.
2023-10-25 15:40:18,399 [Worker-5: Building] INFO  o.e.m.c.i.embedder.EclipseLogger - skip non existing resourceDirectory /Users/gaurav.kumar/eclipse-workspace/springcore/src/test/resources
2023-10-25 15:40:18,474 [Worker-68: Download sources and javadoc] INFO  o.e.m.c.i.e.AbstractTransferListenerAdapter - Downloading https://repo.maven.apache.org/maven2/org/hamcrest/hamcrest-core/1.3/hamcrest-core-1.3-sources.jar
2023-10-25 15:40:18,563 [Worker-68: Download sources and javadoc] INFO  o.e.m.c.i.e.AbstractTransferListenerAdapter - Downloaded https://repo.maven.apache.org/maven2/org/hamcrest/hamcrest-core/1.3/hamcrest-core-1.3-sources.jar
2023-10-25 15:40:18,572 [Worker-68: Download sources and javadoc] INFO  o.e.m.j.internal.DownloadSourcesJob - Downloaded sources for org.hamcrest:hamcrest-core:1.3
2023-10-25 15:49:15,568 [Worker-77: Updating Maven Project] INFO  o.e.m.c.i.p.ProjectConfigurationManager - Update started
2023-10-25 15:49:16,054 [Worker-77: Updating Maven Project] INFO  o.e.m.c.i.l.LifecycleMappingFactory - Using org.eclipse.m2e.jdt.JarLifecycleMapping lifecycle mapping for MavenProject: com.springcore:springcore:0.0.1-SNAPSHOT @ /Users/gaurav.kumar/eclipse-workspace/springcore/pom.xml.
2023-10-25 15:49:16,246 [Worker-77: Updating Maven Project] INFO  o.e.m.j.i.AbstractJavaProjectConfigurator - Adding source folder /springcore/src/main/java
2023-10-25 15:49:16,246 [Worker-77: Updating Maven Project] INFO  o.e.m.j.i.AbstractJavaProjectConfigurator - Adding resource folder /springcore/src/main/resources
2023-10-25 15:49:16,247 [Worker-77: Updating Maven Project] INFO  o.e.m.j.i.AbstractJavaProjectConfigurator - Adding source folder /springcore/src/test/java
2023-10-25 15:49:16,247 [Worker-77: Updating Maven Project] INFO  o.e.m.j.i.AbstractJavaProjectConfigurator - Adding resource folder /springcore/src/test/resources
2023-10-25 15:49:16,425 [Worker-77: Updating Maven Project] INFO  o.e.m.c.i.p.ProjectConfigurationManager - Update completed for 1 poms: local refresh takes 0.00 sec, refresh facades takes 0.00 sec, update config takes 0.00 sec 
2023-10-25 15:49:16,588 [Worker-76: Building] INFO  o.e.m.c.i.embedder.EclipseLogger - Using 'UTF-8' encoding to copy filtered resources.
2023-10-25 15:49:16,588 [Worker-76: Building] INFO  o.e.m.c.i.embedder.EclipseLogger - skip non existing resourceDirectory /Users/gaurav.kumar/eclipse-workspace/springcore/src/main/resources
2023-10-25 15:49:16,597 [Worker-76: Building] INFO  o.e.m.c.i.embedder.EclipseLogger - Using 'UTF-8' encoding to copy filtered resources.
2023-10-25 15:49:16,597 [Worker-76: Building] INFO  o.e.m.c.i.embedder.EclipseLogger - skip non existing resourceDirectory /Users/gaurav.kumar/eclipse-workspace/springcore/src/test/resources
2023-10-26 14:39:16,232 [Worker-155: Building] INFO  o.e.m.c.i.embedder.EclipseLogger - Using 'UTF-8' encoding to copy filtered resources.
2023-10-26 14:39:16,236 [Worker-155: Building] INFO  o.e.m.c.i.embedder.EclipseLogger - skip non existing resourceDirectory /Users/gaurav.kumar/eclipse-workspace/springcore/src/main/resources
2023-10-26 14:39:16,241 [Worker-155: Building] INFO  o.e.m.c.i.embedder.EclipseLogger - Using 'UTF-8' encoding to copy filtered resources.
2023-10-26 14:39:16,242 [Worker-155: Building] INFO  o.e.m.c.i.embedder.EclipseLogger - skip non existing resourceDirectory /Users/gaurav.kumar/eclipse-workspace/springcore/src/test/resources
2023-10-26 14:54:34,333 [Worker-160: Building] INFO  o.e.m.c.i.embedder.EclipseLogger - Using 'UTF-8' encoding to copy filtered resources.
2023-10-26 14:54:34,335 [Worker-160: Building] INFO  o.e.m.c.i.embedder.EclipseLogger - skip non existing resourceDirectory /Users/gaurav.kumar/eclipse-workspace/springcore/src/main/resources
2023-10-26 14:54:34,339 [Worker-160: Building] INFO  o.e.m.c.i.embedder.EclipseLogger - Using 'UTF-8' encoding to copy filtered resources.
2023-10-26 14:54:34,339 [Worker-160: Building] INFO  o.e.m.c.i.embedder.EclipseLogger - skip non existing resourceDirectory /Users/gaurav.kumar/eclipse-workspace/springcore/src/test/resources
2023-10-26 14:54:59,571 [Worker-158: Launching App] INFO  o.e.m.c.i.l.LifecycleMappingFactory - Using org.eclipse.m2e.jdt.JarLifecycleMapping lifecycle mapping for MavenProject: com.springcore:springcore:0.0.1-SNAPSHOT @ /Users/gaurav.kumar/eclipse-workspace/springcore/pom.xml.
2023-10-26 14:54:59,973 [Worker-158: Launching App] INFO  o.e.m.c.i.e.AbstractTransferListenerAdapter - Downloading https://repo.maven.apache.org/maven2/org/springframework/spring-core/5.3.26/spring-core-5.3.26.pom
2023-10-26 14:55:00,047 [Worker-158: Launching App] INFO  o.e.m.c.i.e.AbstractTransferListenerAdapter - Downloaded https://repo.maven.apache.org/maven2/org/springframework/spring-core/5.3.26/spring-core-5.3.26.pom
2023-10-26 14:55:00,142 [Worker-158: Launching App] INFO  o.e.m.c.i.e.AbstractTransferListenerAdapter - Downloading https://repo.maven.apache.org/maven2/org/springframework/spring-jcl/5.3.26/spring-jcl-5.3.26.pom
2023-10-26 14:55:00,181 [Worker-158: Launching App] INFO  o.e.m.c.i.e.AbstractTransferListenerAdapter - Downloaded https://repo.maven.apache.org/maven2/org/springframework/spring-jcl/5.3.26/spring-jcl-5.3.26.pom
2023-10-26 14:55:00,232 [Worker-158: Launching App] INFO  o.e.m.c.i.e.AbstractTransferListenerAdapter - Downloading https://repo.maven.apache.org/maven2/org/springframework/spring-context/5.3.26/spring-context-5.3.26.pom
2023-10-26 14:55:00,273 [Worker-158: Launching App] INFO  o.e.m.c.i.e.AbstractTransferListenerAdapter - Downloaded https://repo.maven.apache.org/maven2/org/springframework/spring-context/5.3.26/spring-context-5.3.26.pom
2023-10-26 14:55:00,335 [Worker-158: Launching App] INFO  o.e.m.c.i.e.AbstractTransferListenerAdapter - Downloading https://repo.maven.apache.org/maven2/org/springframework/spring-aop/5.3.26/spring-aop-5.3.26.pom
2023-10-26 14:55:00,378 [Worker-158: Launching App] INFO  o.e.m.c.i.e.AbstractTransferListenerAdapter - Downloaded https://repo.maven.apache.org/maven2/org/springframework/spring-aop/5.3.26/spring-aop-5.3.26.pom
2023-10-26 14:55:00,423 [Worker-158: Launching App] INFO  o.e.m.c.i.e.AbstractTransferListenerAdapter - Downloading https://repo.maven.apache.org/maven2/org/springframework/spring-beans/5.3.26/spring-beans-5.3.26.pom
2023-10-26 14:55:00,463 [Worker-158: Launching App] INFO  o.e.m.c.i.e.AbstractTransferListenerAdapter - Downloaded https://repo.maven.apache.org/maven2/org/springframework/spring-beans/5.3.26/spring-beans-5.3.26.pom
2023-10-26 14:55:00,511 [Worker-158: Launching App] INFO  o.e.m.c.i.e.AbstractTransferListenerAdapter - Downloading https://repo.maven.apache.org/maven2/org/springframework/spring-expression/5.3.26/spring-expression-5.3.26.pom
2023-10-26 14:55:00,552 [Worker-158: Launching App] INFO  o.e.m.c.i.e.AbstractTransferListenerAdapter - Downloaded https://repo.maven.apache.org/maven2/org/springframework/spring-expression/5.3.26/spring-expression-5.3.26.pom
2023-10-26 14:55:00,638 [AetherRepositoryConnector-repo.maven.apache.org-1-0] INFO  o.e.m.c.i.e.AbstractTransferListenerAdapter - Downloading https://repo.maven.apache.org/maven2/org/springframework/spring-core/5.3.26/spring-core-5.3.26.jar
2023-10-26 14:55:00,718 [AetherRepositoryConnector-repo.maven.apache.org-1-1] INFO  o.e.m.c.i.e.AbstractTransferListenerAdapter - Downloading https://repo.maven.apache.org/maven2/org/springframework/spring-jcl/5.3.26/spring-jcl-5.3.26.jar
2023-10-26 14:55:00,718 [AetherRepositoryConnector-repo.maven.apache.org-1-4] INFO  o.e.m.c.i.e.AbstractTransferListenerAdapter - Downloading https://repo.maven.apache.org/maven2/org/springframework/spring-beans/5.3.26/spring-beans-5.3.26.jar
2023-10-26 14:55:00,718 [AetherRepositoryConnector-repo.maven.apache.org-1-3] INFO  o.e.m.c.i.e.AbstractTransferListenerAdapter - Downloading https://repo.maven.apache.org/maven2/org/springframework/spring-aop/5.3.26/spring-aop-5.3.26.jar
2023-10-26 14:55:00,718 [AetherRepositoryConnector-repo.maven.apache.org-1-2] INFO  o.e.m.c.i.e.AbstractTransferListenerAdapter - Downloading https://repo.maven.apache.org/maven2/org/springframework/spring-context/5.3.26/spring-context-5.3.26.jar
2023-10-26 14:55:00,809 [AetherRepositoryConnector-repo.maven.apache.org-1-1] INFO  o.e.m.c.i.e.AbstractTransferListenerAdapter - Downloaded https://repo.maven.apache.org/maven2/org/springframework/spring-jcl/5.3.26/spring-jcl-5.3.26.jar
2023-10-26 14:55:00,898 [AetherRepositoryConnector-repo.maven.apache.org-1-1] INFO  o.e.m.c.i.e.AbstractTransferListenerAdapter - Downloading https://repo.maven.apache.org/maven2/org/springframework/spring-expression/5.3.26/spring-expression-5.3.26.jar
2023-10-26 14:55:00,904 [AetherRepositoryConnector-repo.maven.apache.org-1-3] INFO  o.e.m.c.i.e.AbstractTransferListenerAdapter - Downloaded https://repo.maven.apache.org/maven2/org/springframework/spring-aop/5.3.26/spring-aop-5.3.26.jar
2023-10-26 14:55:00,917 [AetherRepositoryConnector-repo.maven.apache.org-1-4] INFO  o.e.m.c.i.e.AbstractTransferListenerAdapter - Downloaded https://repo.maven.apache.org/maven2/org/springframework/spring-beans/5.3.26/spring-beans-5.3.26.jar
2023-10-26 14:55:00,955 [AetherRepositoryConnector-repo.maven.apache.org-1-2] INFO  o.e.m.c.i.e.AbstractTransferListenerAdapter - Downloaded https://repo.maven.apache.org/maven2/org/springframework/spring-context/5.3.26/spring-context-5.3.26.jar
2023-10-26 14:55:00,955 [AetherRepositoryConnector-repo.maven.apache.org-1-0] INFO  o.e.m.c.i.e.AbstractTransferListenerAdapter - Downloaded https://repo.maven.apache.org/maven2/org/springframework/spring-core/5.3.26/spring-core-5.3.26.jar
2023-10-26 14:55:00,955 [AetherRepositoryConnector-repo.maven.apache.org-1-1] INFO  o.e.m.c.i.e.AbstractTransferListenerAdapter - Downloaded https://repo.maven.apache.org/maven2/org/springframework/spring-expression/5.3.26/spring-expression-5.3.26.jar
2023-10-26 14:55:01,246 [Worker-158: Launching App] INFO  o.e.m.c.i.embedder.EclipseLogger - Using 'UTF-8' encoding to copy filtered resources.
2023-10-26 14:55:01,246 [Worker-158: Launching App] INFO  o.e.m.c.i.embedder.EclipseLogger - skip non existing resourceDirectory /Users/gaurav.kumar/eclipse-workspace/springcore/src/main/resources
2023-10-26 14:55:01,253 [Worker-158: Launching App] INFO  o.e.m.c.i.embedder.EclipseLogger - Using 'UTF-8' encoding to copy filtered resources.
2023-10-26 14:55:01,253 [Worker-158: Launching App] INFO  o.e.m.c.i.embedder.EclipseLogger - skip non existing resourceDirectory /Users/gaurav.kumar/eclipse-workspace/springcore/src/test/resources
2023-10-26 14:55:02,344 [Worker-163: Download sources and javadoc] INFO  o.e.m.c.i.e.AbstractTransferListenerAdapter - Downloading https://repo.maven.apache.org/maven2/org/springframework/spring-core/5.3.26/spring-core-5.3.26-sources.jar
2023-10-26 14:55:02,669 [Worker-163: Download sources and javadoc] INFO  o.e.m.c.i.e.AbstractTransferListenerAdapter - Downloaded https://repo.maven.apache.org/maven2/org/springframework/spring-core/5.3.26/spring-core-5.3.26-sources.jar
2023-10-26 14:55:02,696 [Worker-163: Download sources and javadoc] INFO  o.e.m.j.internal.DownloadSourcesJob - Downloaded sources for org.springframework:spring-core:5.3.26
2023-10-26 14:55:02,902 [Worker-163: Download sources and javadoc] INFO  o.e.m.c.i.e.AbstractTransferListenerAdapter - Downloading https://repo.maven.apache.org/maven2/org/springframework/spring-jcl/5.3.26/spring-jcl-5.3.26-sources.jar
2023-10-26 14:55:02,975 [Worker-163: Download sources and javadoc] INFO  o.e.m.c.i.e.AbstractTransferListenerAdapter - Downloaded https://repo.maven.apache.org/maven2/org/springframework/spring-jcl/5.3.26/spring-jcl-5.3.26-sources.jar
2023-10-26 14:55:02,976 [Worker-163: Download sources and javadoc] INFO  o.e.m.j.internal.DownloadSourcesJob - Downloaded sources for org.springframework:spring-jcl:5.3.26
2023-10-26 14:55:03,151 [Worker-163: Download sources and javadoc] INFO  o.e.m.c.i.e.AbstractTransferListenerAdapter - Downloading https://repo.maven.apache.org/maven2/org/springframework/spring-context/5.3.26/spring-context-5.3.26-sources.jar
2023-10-26 14:55:03,385 [Worker-163: Download sources and javadoc] INFO  o.e.m.c.i.e.AbstractTransferListenerAdapter - Downloaded https://repo.maven.apache.org/maven2/org/springframework/spring-context/5.3.26/spring-context-5.3.26-sources.jar
2023-10-26 14:55:03,388 [Worker-163: Download sources and javadoc] INFO  o.e.m.j.internal.DownloadSourcesJob - Downloaded sources for org.springframework:spring-context:5.3.26
2023-10-26 14:55:03,558 [Worker-163: Download sources and javadoc] INFO  o.e.m.c.i.e.AbstractTransferListenerAdapter - Downloading https://repo.maven.apache.org/maven2/org/springframework/spring-aop/5.3.26/spring-aop-5.3.26-sources.jar
2023-10-26 14:55:03,718 [Worker-163: Download sources and javadoc] INFO  o.e.m.c.i.e.AbstractTransferListenerAdapter - Downloaded https://repo.maven.apache.org/maven2/org/springframework/spring-aop/5.3.26/spring-aop-5.3.26-sources.jar
2023-10-26 14:55:03,720 [Worker-163: Download sources and javadoc] INFO  o.e.m.j.internal.DownloadSourcesJob - Downloaded sources for org.springframework:spring-aop:5.3.26
2023-10-26 14:55:03,921 [Worker-163: Download sources and javadoc] INFO  o.e.m.c.i.e.AbstractTransferListenerAdapter - Downloading https://repo.maven.apache.org/maven2/org/springframework/spring-beans/5.3.26/spring-beans-5.3.26-sources.jar
2023-10-26 14:55:04,154 [Worker-163: Download sources and javadoc] INFO  o.e.m.c.i.e.AbstractTransferListenerAdapter - Downloaded https://repo.maven.apache.org/maven2/org/springframework/spring-beans/5.3.26/spring-beans-5.3.26-sources.jar
2023-10-26 14:55:04,156 [Worker-163: Download sources and javadoc] INFO  o.e.m.j.internal.DownloadSourcesJob - Downloaded sources for org.springframework:spring-beans:5.3.26
2023-10-26 14:55:04,326 [Worker-163: Download sources and javadoc] INFO  o.e.m.c.i.e.AbstractTransferListenerAdapter - Downloading https://repo.maven.apache.org/maven2/org/springframework/spring-expression/5.3.26/spring-expression-5.3.26-sources.jar
2023-10-26 14:55:04,466 [Worker-163: Download sources and javadoc] INFO  o.e.m.c.i.e.AbstractTransferListenerAdapter - Downloaded https://repo.maven.apache.org/maven2/org/springframework/spring-expression/5.3.26/spring-expression-5.3.26-sources.jar
2023-10-26 14:55:04,472 [Worker-163: Download sources and javadoc] INFO  o.e.m.j.internal.DownloadSourcesJob - Downloaded sources for org.springframework:spring-expression:5.3.26
2023-10-26 14:59:20,154 [Worker-159: Building] ERROR o.e.m.c.i.URLConnectionCaches - Unexpected URLConnection defaultUseCaches enabled
2023-10-26 14:59:20,194 [Worker-159: Building] INFO  o.e.m.c.i.embedder.EclipseLogger - Using 'UTF-8' encoding to copy filtered resources.
2023-10-26 14:59:20,194 [Worker-159: Building] INFO  o.e.m.c.i.embedder.EclipseLogger - skip non existing resourceDirectory /Users/gaurav.kumar/eclipse-workspace/springcore/src/main/resources
2023-10-26 14:59:20,198 [Worker-159: Building] INFO  o.e.m.c.i.embedder.EclipseLogger - Using 'UTF-8' encoding to copy filtered resources.
2023-10-26 14:59:20,198 [Worker-159: Building] INFO  o.e.m.c.i.embedder.EclipseLogger - skip non existing resourceDirectory /Users/gaurav.kumar/eclipse-workspace/springcore/src/test/resources
2023-10-26 15:00:09,786 [Worker-158: Building] ERROR o.e.m.c.i.URLConnectionCaches - Unexpected URLConnection defaultUseCaches enabled
2023-10-26 15:00:09,791 [Worker-158: Building] INFO  o.e.m.c.i.embedder.EclipseLogger - Using 'UTF-8' encoding to copy filtered resources.
2023-10-26 15:00:09,791 [Worker-158: Building] INFO  o.e.m.c.i.embedder.EclipseLogger - skip non existing resourceDirectory /Users/gaurav.kumar/eclipse-workspace/springcore/src/main/resources
2023-10-26 15:00:09,794 [Worker-158: Building] INFO  o.e.m.c.i.embedder.EclipseLogger - Using 'UTF-8' encoding to copy filtered resources.
2023-10-26 15:00:09,794 [Worker-158: Building] INFO  o.e.m.c.i.embedder.EclipseLogger - skip non existing resourceDirectory /Users/gaurav.kumar/eclipse-workspace/springcore/src/test/resources
2023-10-26 15:08:08,737 [Worker-4: Loading available Gradle versions] INFO  o.e.b.c.i.u.g.PublishedGradleVersions - Gradle version information cache is out-of-date. Trying to update.
2023-10-26 15:09:38,789 [Worker-9: Building] INFO  o.e.m.c.i.embedder.EclipseLogger - Using 'UTF-8' encoding to copy filtered resources.
2023-10-26 15:09:38,809 [Worker-9: Building] INFO  o.e.m.c.i.embedder.EclipseLogger - skip non existing resourceDirectory /Users/gaurav.kumar/eclipse-workspace/springcore/src/main/resources
2023-10-26 15:09:38,843 [Worker-9: Building] INFO  o.e.m.c.i.embedder.EclipseLogger - Using 'UTF-8' encoding to copy filtered resources.
2023-10-26 15:09:38,843 [Worker-9: Building] INFO  o.e.m.c.i.embedder.EclipseLogger - skip non existing resourceDirectory /Users/gaurav.kumar/eclipse-workspace/springcore/src/test/resources
2023-10-26 16:27:05,561 [Worker-58: Building] INFO  o.e.m.c.i.embedder.EclipseLogger - Using 'UTF-8' encoding to copy filtered resources.
2023-10-26 16:27:05,562 [Worker-58: Building] INFO  o.e.m.c.i.embedder.EclipseLogger - skip non existing resourceDirectory /Users/gaurav.kumar/eclipse-workspace/springcore/src/main/resources
2023-10-26 16:27:05,568 [Worker-58: Building] INFO  o.e.m.c.i.embedder.EclipseLogger - Using 'UTF-8' encoding to copy filtered resources.
2023-10-26 16:27:05,568 [Worker-58: Building] INFO  o.e.m.c.i.embedder.EclipseLogger - skip non existing resourceDirectory /Users/gaurav.kumar/eclipse-workspace/springcore/src/test/resources
2023-10-26 16:38:32,158 [Worker-60: Launching App] INFO  o.e.m.c.i.embedder.EclipseLogger - Using 'UTF-8' encoding to copy filtered resources.
2023-10-26 16:38:32,159 [Worker-60: Launching App] INFO  o.e.m.c.i.embedder.EclipseLogger - skip non existing resourceDirectory /Users/gaurav.kumar/eclipse-workspace/springcore/src/main/resources
2023-10-26 16:38:32,166 [Worker-60: Launching App] INFO  o.e.m.c.i.embedder.EclipseLogger - Using 'UTF-8' encoding to copy filtered resources.
2023-10-26 16:38:32,166 [Worker-60: Launching App] INFO  o.e.m.c.i.embedder.EclipseLogger - skip non existing resourceDirectory /Users/gaurav.kumar/eclipse-workspace/springcore/src/test/resources
2023-10-26 16:39:24,586 [Worker-58: Launching App] INFO  o.e.m.c.i.embedder.EclipseLogger - Using 'UTF-8' encoding to copy filtered resources.
2023-10-26 16:39:24,587 [Worker-58: Launching App] INFO  o.e.m.c.i.embedder.EclipseLogger - skip non existing resourceDirectory /Users/gaurav.kumar/eclipse-workspace/springcore/src/main/resources
2023-10-26 16:39:24,591 [Worker-58: Launching App] INFO  o.e.m.c.i.embedder.EclipseLogger - Using 'UTF-8' encoding to copy filtered resources.
2023-10-26 16:39:24,591 [Worker-58: Launching App] INFO  o.e.m.c.i.embedder.EclipseLogger - skip non existing resourceDirectory /Users/gaurav.kumar/eclipse-workspace/springcore/src/test/resources
2023-10-26 16:40:05,242 [Worker-59: Launching App] INFO  o.e.m.c.i.embedder.EclipseLogger - Using 'UTF-8' encoding to copy filtered resources.
2023-10-26 16:40:05,242 [Worker-59: Launching App] INFO  o.e.m.c.i.embedder.EclipseLogger - skip non existing resourceDirectory /Users/gaurav.kumar/eclipse-workspace/springcore/src/main/resources
2023-10-26 16:40:05,247 [Worker-59: Launching App] INFO  o.e.m.c.i.embedder.EclipseLogger - Using 'UTF-8' encoding to copy filtered resources.
2023-10-26 16:40:05,247 [Worker-59: Launching App] INFO  o.e.m.c.i.embedder.EclipseLogger - skip non existing resourceDirectory /Users/gaurav.kumar/eclipse-workspace/springcore/src/test/resources
2023-10-26 16:41:04,071 [Worker-60: Launching App] INFO  o.e.m.c.i.embedder.EclipseLogger - Using 'UTF-8' encoding to copy filtered resources.
2023-10-26 16:41:04,071 [Worker-60: Launching App] INFO  o.e.m.c.i.embedder.EclipseLogger - skip non existing resourceDirectory /Users/gaurav.kumar/eclipse-workspace/springcore/src/main/resources
2023-10-26 16:41:04,073 [Worker-60: Launching App] INFO  o.e.m.c.i.embedder.EclipseLogger - Using 'UTF-8' encoding to copy filtered resources.
2023-10-26 16:41:04,073 [Worker-60: Launching App] INFO  o.e.m.c.i.embedder.EclipseLogger - skip non existing resourceDirectory /Users/gaurav.kumar/eclipse-workspace/springcore/src/test/resources
2023-10-26 16:41:18,196 [Worker-60: Launching App] INFO  o.e.m.c.i.embedder.EclipseLogger - Using 'UTF-8' encoding to copy filtered resources.
2023-10-26 16:41:18,197 [Worker-60: Launching App] INFO  o.e.m.c.i.embedder.EclipseLogger - skip non existing resourceDirectory /Users/gaurav.kumar/eclipse-workspace/springcore/src/main/resources
2023-10-26 16:41:18,201 [Worker-60: Launching App] INFO  o.e.m.c.i.embedder.EclipseLogger - Using 'UTF-8' encoding to copy filtered resources.
2023-10-26 16:41:18,201 [Worker-60: Launching App] INFO  o.e.m.c.i.embedder.EclipseLogger - skip non existing resourceDirectory /Users/gaurav.kumar/eclipse-workspace/springcore/src/test/resources
2023-10-26 16:46:32,724 [Worker-62: Launching App] INFO  o.e.m.c.i.embedder.EclipseLogger - Using 'UTF-8' encoding to copy filtered resources.
2023-10-26 16:46:32,725 [Worker-62: Launching App] INFO  o.e.m.c.i.embedder.EclipseLogger - skip non existing resourceDirectory /Users/gaurav.kumar/eclipse-workspace/springcore/src/main/resources
2023-10-26 16:46:32,727 [Worker-62: Launching App] INFO  o.e.m.c.i.embedder.EclipseLogger - Using 'UTF-8' encoding to copy filtered resources.
2023-10-26 16:46:32,727 [Worker-62: Launching App] INFO  o.e.m.c.i.embedder.EclipseLogger - skip non existing resourceDirectory /Users/gaurav.kumar/eclipse-workspace/springcore/src/test/resources
2023-10-27 12:41:07,992 [Worker-97: Launching App] INFO  o.e.m.c.i.embedder.EclipseLogger - Using 'UTF-8' encoding to copy filtered resources.
2023-10-27 12:41:07,995 [Worker-97: Launching App] INFO  o.e.m.c.i.embedder.EclipseLogger - skip non existing resourceDirectory /Users/gaurav.kumar/eclipse-workspace/springcore/src/main/resources
2023-10-27 12:41:08,004 [Worker-97: Launching App] INFO  o.e.m.c.i.embedder.EclipseLogger - Using 'UTF-8' encoding to copy filtered resources.
2023-10-27 12:41:08,004 [Worker-97: Launching App] INFO  o.e.m.c.i.embedder.EclipseLogger - skip non existing resourceDirectory /Users/gaurav.kumar/eclipse-workspace/springcore/src/test/resources
2023-10-27 12:42:16,437 [Worker-101: Launching App] INFO  o.e.m.c.i.embedder.EclipseLogger - Using 'UTF-8' encoding to copy filtered resources.
2023-10-27 12:42:16,439 [Worker-101: Launching App] INFO  o.e.m.c.i.embedder.EclipseLogger - skip non existing resourceDirectory /Users/gaurav.kumar/eclipse-workspace/springcore/src/main/resources
2023-10-27 12:42:16,444 [Worker-101: Launching App] INFO  o.e.m.c.i.embedder.EclipseLogger - Using 'UTF-8' encoding to copy filtered resources.
2023-10-27 12:42:16,444 [Worker-101: Launching App] INFO  o.e.m.c.i.embedder.EclipseLogger - skip non existing resourceDirectory /Users/gaurav.kumar/eclipse-workspace/springcore/src/test/resources
2023-10-27 12:43:06,696 [Worker-101: Launching App] INFO  o.e.m.c.i.embedder.EclipseLogger - Using 'UTF-8' encoding to copy filtered resources.
2023-10-27 12:43:06,697 [Worker-101: Launching App] INFO  o.e.m.c.i.embedder.EclipseLogger - skip non existing resourceDirectory /Users/gaurav.kumar/eclipse-workspace/springcore/src/main/resources
2023-10-27 12:43:06,700 [Worker-101: Launching App] INFO  o.e.m.c.i.embedder.EclipseLogger - Using 'UTF-8' encoding to copy filtered resources.
2023-10-27 12:43:06,701 [Worker-101: Launching App] INFO  o.e.m.c.i.embedder.EclipseLogger - skip non existing resourceDirectory /Users/gaurav.kumar/eclipse-workspace/springcore/src/test/resources
2023-12-11 14:42:07,658 [Worker-4: Loading available Gradle versions] INFO  o.e.b.c.i.u.g.PublishedGradleVersions - Gradle version information cache is out-of-date. Trying to update.
2023-12-14 15:35:29,165 [Worker-6: Loading available Gradle versions] INFO  o.e.b.c.i.u.g.PublishedGradleVersions - Gradle version information cache is out-of-date. Trying to update.
2023-12-14 15:40:05,861 [Worker-11: Loading available Gradle versions] INFO  o.e.b.c.i.u.g.PublishedGradleVersions - Gradle version information cache is up-to-date. Trying to read.
2024-02-15 13:31:55,271 [Worker-5: Loading available Gradle versions] INFO  o.e.b.c.i.u.g.PublishedGradleVersions - Gradle version information cache is out-of-date. Trying to update.
2024-02-15 13:44:52,152 [Worker-67: Building] INFO  o.e.m.c.i.l.LifecycleMappingFactory - Using org.eclipse.m2e.jdt.JarLifecycleMapping lifecycle mapping for MavenProject: com.springcore:springcore:0.0.1-SNAPSHOT @ /Users/gaurav.kumar/eclipse-workspace/springcore/pom.xml.
2024-02-15 13:44:53,282 [Worker-67: Building] INFO  o.e.m.c.i.e.AbstractTransferListenerAdapter - Downloading https://repo.maven.apache.org/maven2/org/springframework/spring-jcl/5.3.27/spring-jcl-5.3.27.pom
2024-02-15 13:44:53,609 [Worker-67: Building] INFO  o.e.m.c.i.e.AbstractTransferListenerAdapter - Downloaded https://repo.maven.apache.org/maven2/org/springframework/spring-jcl/5.3.27/spring-jcl-5.3.27.pom
2024-02-15 13:44:54,373 [Worker-67: Building] INFO  o.e.m.c.i.embedder.EclipseLogger - Using 'UTF-8' encoding to copy filtered resources.
2024-02-15 13:44:54,373 [Worker-67: Building] INFO  o.e.m.c.i.embedder.EclipseLogger - skip non existing resourceDirectory /Users/gaurav.kumar/eclipse-workspace/springcore/src/main/resources
2024-02-15 13:44:54,381 [Worker-67: Building] INFO  o.e.m.c.i.embedder.EclipseLogger - Using 'UTF-8' encoding to copy filtered resources.
2024-02-15 13:44:54,381 [Worker-67: Building] INFO  o.e.m.c.i.embedder.EclipseLogger - skip non existing resourceDirectory /Users/gaurav.kumar/eclipse-workspace/springcore/src/test/resources
2024-02-15 13:44:55,813 [Worker-68: Download sources and javadoc] INFO  o.e.m.c.i.e.AbstractTransferListenerAdapter - Downloading https://repo.maven.apache.org/maven2/org/springframework/spring-context/5.3.27/spring-context-5.3.27-sources.jar
2024-02-15 13:44:56,760 [Worker-68: Download sources and javadoc] INFO  o.e.m.c.i.e.AbstractTransferListenerAdapter - Downloaded https://repo.maven.apache.org/maven2/org/springframework/spring-context/5.3.27/spring-context-5.3.27-sources.jar
2024-02-15 13:44:56,766 [Worker-68: Download sources and javadoc] INFO  o.e.m.j.internal.DownloadSourcesJob - Downloaded sources for org.springframework:spring-context:5.3.27
2024-02-15 13:44:57,448 [Worker-68: Download sources and javadoc] INFO  o.e.m.c.i.e.AbstractTransferListenerAdapter - Downloading https://repo.maven.apache.org/maven2/org/springframework/spring-aop/5.3.27/spring-aop-5.3.27-sources.jar
2024-02-15 13:44:58,116 [Worker-68: Download sources and javadoc] INFO  o.e.m.c.i.e.AbstractTransferListenerAdapter - Downloaded https://repo.maven.apache.org/maven2/org/springframework/spring-aop/5.3.27/spring-aop-5.3.27-sources.jar
2024-02-15 13:44:58,120 [Worker-68: Download sources and javadoc] INFO  o.e.m.j.internal.DownloadSourcesJob - Downloaded sources for org.springframework:spring-aop:5.3.27
2024-02-15 13:44:58,731 [Worker-68: Download sources and javadoc] INFO  o.e.m.c.i.e.AbstractTransferListenerAdapter - Downloading https://repo.maven.apache.org/maven2/org/springframework/spring-beans/5.3.27/spring-beans-5.3.27-sources.jar
2024-02-15 13:44:59,480 [Worker-68: Download sources and javadoc] INFO  o.e.m.c.i.e.AbstractTransferListenerAdapter - Downloaded https://repo.maven.apache.org/maven2/org/springframework/spring-beans/5.3.27/spring-beans-5.3.27-sources.jar
2024-02-15 13:44:59,496 [Worker-68: Download sources and javadoc] INFO  o.e.m.j.internal.DownloadSourcesJob - Downloaded sources for org.springframework:spring-beans:5.3.27
2024-02-15 13:45:00,172 [Worker-68: Download sources and javadoc] INFO  o.e.m.c.i.e.AbstractTransferListenerAdapter - Downloading https://repo.maven.apache.org/maven2/org/springframework/spring-expression/5.3.27/spring-expression-5.3.27-sources.jar
2024-02-15 13:45:00,730 [Worker-68: Download sources and javadoc] INFO  o.e.m.c.i.e.AbstractTransferListenerAdapter - Downloaded https://repo.maven.apache.org/maven2/org/springframework/spring-expression/5.3.27/spring-expression-5.3.27-sources.jar
2024-02-15 13:45:00,743 [Worker-68: Download sources and javadoc] INFO  o.e.m.j.internal.DownloadSourcesJob - Downloaded sources for org.springframework:spring-expression:5.3.27
2024-02-15 14:02:18,827 [Worker-73: Building] INFO  o.e.m.c.i.l.LifecycleMappingFactory - Using org.eclipse.m2e.jdt.JarLifecycleMapping lifecycle mapping for MavenProject: com.springcore:springcore:0.0.1-SNAPSHOT @ /Users/gaurav.kumar/eclipse-workspace/springcore/pom.xml.
2024-02-15 14:02:19,168 [Worker-73: Building] INFO  o.e.m.c.i.embedder.EclipseLogger - Using 'UTF-8' encoding to copy filtered resources.
2024-02-15 14:02:19,169 [Worker-73: Building] INFO  o.e.m.c.i.embedder.EclipseLogger - skip non existing resourceDirectory /Users/gaurav.kumar/eclipse-workspace/springcore/src/main/resources
2024-02-15 14:02:19,179 [Worker-73: Building] INFO  o.e.m.c.i.embedder.EclipseLogger - Using 'UTF-8' encoding to copy filtered resources.
2024-02-15 14:02:19,179 [Worker-73: Building] INFO  o.e.m.c.i.embedder.EclipseLogger - skip non existing resourceDirectory /Users/gaurav.kumar/eclipse-workspace/springcore/src/test/resources
